\BOOKMARK [1][-]{section.1}{Abstract}{}% 1
\BOOKMARK [1][-]{section.2}{Zusammenfassung}{}% 2
\BOOKMARK [1][-]{section.3}{Einleitung}{}% 3
\BOOKMARK [2][-]{subsection.3.1}{Aufbau der Arbeit}{section.3}% 4
\BOOKMARK [1][-]{section.4}{Ausgangslage}{}% 5
\BOOKMARK [2][-]{subsection.4.1}{Fragestellung}{section.4}% 6
\BOOKMARK [2][-]{subsection.4.2}{Technische Spezifikationen und Anforderungsliste}{section.4}% 7
\BOOKMARK [2][-]{subsection.4.3}{Ziele der Arbeit}{section.4}% 8
\BOOKMARK [3][-]{subsubsection.4.3.1}{Meilensteine}{subsection.4.3}% 9
\BOOKMARK [1][-]{section.5}{Antennentheorie}{}% 10
\BOOKMARK [2][-]{subsection.5.1}{elementarer Antennen Dipole}{section.5}% 11
\BOOKMARK [3][-]{subsubsection.5.1.1}{Hertzscher Dipol}{subsection.5.1}% 12
\BOOKMARK [3][-]{subsubsection.5.1.2}{Fitzgeraldscher Dipol}{subsection.5.1}% 13
\BOOKMARK [2][-]{subsection.5.2}{Nahfeld und Fernfeld}{section.5}% 14
\BOOKMARK [2][-]{subsection.5.3}{Antennenbauformen}{section.5}% 15
\BOOKMARK [2][-]{subsection.5.4}{symmetrisch gespiesene Antennen}{section.5}% 16
\BOOKMARK [3][-]{subsubsection.5.4.1}{/2 \040Dipol Antenne}{subsection.5.4}% 17
\BOOKMARK [3][-]{subsubsection.5.4.2}{Loop Antenne}{subsection.5.4}% 18
\BOOKMARK [2][-]{subsection.5.5}{Abstrahlcharakteristik}{section.5}% 19
\BOOKMARK [3][-]{subsubsection.5.5.1}{Monopol \374ber leitendem Ground}{subsection.5.5}% 20
\BOOKMARK [1][-]{section.6}{Antennendesign}{}% 21
\BOOKMARK [2][-]{subsection.6.1}{Model des Endproduktes xx}{section.6}% 22
\BOOKMARK [2][-]{subsection.6.2}{Abmessungen des Antennensystems}{section.6}% 23
\BOOKMARK [3][-]{subsubsection.6.2.1}{St\366rfaktoren im Nahfeld}{subsection.6.2}% 24
\BOOKMARK [2][-]{subsection.6.3}{Entwurf des Antennensystems}{section.6}% 25
\BOOKMARK [1][-]{section.7}{Impedanzanpassung des Transceivers an das Antennensystem}{}% 26
\BOOKMARK [2][-]{subsection.7.1}{Warum ist eine Impedanzanpassung n\366tig}{section.7}% 27
\BOOKMARK [2][-]{subsection.7.2}{Anpassverfahren}{section.7}% 28
\BOOKMARK [2][-]{subsection.7.3}{Anpassung der komplexen Ausgangsimpedanz des Transceivers an das Antennensystem}{section.7}% 29
\BOOKMARK [1][-]{section.8}{Simulation}{}% 30
\BOOKMARK [2][-]{subsection.8.1}{Simulationstool}{section.8}% 31
\BOOKMARK [3][-]{subsubsection.8.1.1}{Simulationverfahen}{subsection.8.1}% 32
\BOOKMARK [2][-]{subsection.8.2}{Was wird bei der Simulation ber\374cksichtig}{section.8}% 33
\BOOKMARK [2][-]{subsection.8.3}{Simulationsresultate}{section.8}% 34
\BOOKMARK [1][-]{section.9}{Messungen}{}% 35
\BOOKMARK [2][-]{subsection.9.1}{Messsystem}{section.9}% 36
\BOOKMARK [3][-]{subsubsection.9.1.1}{Messverfahren}{subsection.9.1}% 37
\BOOKMARK [3][-]{subsubsection.9.1.2}{Was wird gemessen}{subsection.9.1}% 38
\BOOKMARK [2][-]{subsection.9.2}{Erwartungen an die Messresultate}{section.9}% 39
\BOOKMARK [2][-]{subsection.9.3}{Messresultate}{section.9}% 40
\BOOKMARK [1][-]{section.10}{Diskussion des Funktionsmusters}{}% 41
\BOOKMARK [1][-]{section.11}{Reflexion}{}% 42
\BOOKMARK [2][-]{subsection.11.1}{Projektbezogene Reflexion}{section.11}% 43
\BOOKMARK [2][-]{subsection.11.2}{Pers\366nliche Reflexion}{section.11}% 44
\BOOKMARK [1][-]{section.12}{Kick off}{}% 45
\BOOKMARK [1][-]{section.13}{Grobplanung}{}% 46
\BOOKMARK [1][-]{section.14}{Stichwortverzeichnis}{}% 47
\BOOKMARK [1][-]{section*.12}{Literatur}{}% 48
