\BOOKMARK [1][-]{section.1}{Einleitung}{}% 1
\BOOKMARK [2][-]{subsection.1.1}{Ausgangslage}{section.1}% 2
\BOOKMARK [2][-]{subsection.1.2}{Problematik}{section.1}% 3
\BOOKMARK [2][-]{subsection.1.3}{Fragestellung}{section.1}% 4
\BOOKMARK [2][-]{subsection.1.4}{Ziele der Arbeit}{section.1}% 5
\BOOKMARK [2][-]{subsection.1.5}{Methodik}{section.1}% 6
\BOOKMARK [2][-]{subsection.1.6}{Aufbau der Arbeit}{section.1}% 7
\BOOKMARK [1][-]{section.2}{Theorie}{}% 8
\BOOKMARK [2][-]{subsection.2.1}{Elementare Strahler}{section.2}% 9
\BOOKMARK [2][-]{subsection.2.2}{Hertzscher Dipol }{section.2}% 10
\BOOKMARK [2][-]{subsection.2.3}{Fitzgeraldscher Dipol }{section.2}% 11
\BOOKMARK [2][-]{subsection.2.4}{Die Dipol Antenne}{section.2}% 12
\BOOKMARK [3][-]{subsubsection.2.4.1}{Der Halbwellendipol}{subsection.2.4}% 13
\BOOKMARK [3][-]{subsubsection.2.4.2}{Der kurze Dipol mit 2l<<Lambda}{subsection.2.4}% 14
\BOOKMARK [2][-]{subsection.2.5}{Loop Antenne}{section.2}% 15
\BOOKMARK [2][-]{subsection.2.6}{Systemansicht}{section.2}% 16
\BOOKMARK [3][-]{subsubsection.2.6.1}{Linkbudget}{subsection.2.6}% 17
\BOOKMARK [2][-]{subsection.2.7}{Speisung}{section.2}% 18
\BOOKMARK [3][-]{subsubsection.2.7.1}{Quelle}{subsection.2.7}% 19
\BOOKMARK [3][-]{subsubsection.2.7.2}{Zuleitung}{subsection.2.7}% 20
\BOOKMARK [3][-]{subsubsection.2.7.3}{Anpassung}{subsection.2.7}% 21
\BOOKMARK [1][-]{section.3}{Design}{}% 22
\BOOKMARK [2][-]{subsection.3.1}{Anforderungen}{section.3}% 23
\BOOKMARK [2][-]{subsection.3.2}{Analyse mit bekannten Modellen}{section.3}% 24
\BOOKMARK [2][-]{subsection.3.3}{Neue Design Ans\344tze}{section.3}% 25
\BOOKMARK [1][-]{section.4}{Evalutaion einer symmetrischen Antenne}{}% 26
\BOOKMARK [2][-]{subsection.4.1}{Dipol Antenne}{section.4}% 27
\BOOKMARK [2][-]{subsection.4.2}{Loop Antenne}{section.4}% 28
\BOOKMARK [2][-]{subsection.4.3}{Halbwellen Dipol Eigenschaften}{section.4}% 29
\BOOKMARK [2][-]{subsection.4.4}{Halbwellen Loop Eigenschaften}{section.4}% 30
\BOOKMARK [2][-]{subsection.4.5}{Vollwellen Loop Eigenschaften}{section.4}% 31
\BOOKMARK [2][-]{subsection.4.6}{Nutzwertanalyse Antennen Eigenschaften }{section.4}% 32
\BOOKMARK [1][-]{section.5}{Implementierung}{}% 33
\BOOKMARK [1][-]{section.6}{Test}{}% 34
\BOOKMARK [1][-]{section.7}{Diskussion}{}% 35
\BOOKMARK [1][-]{section.8}{Projektmanagement}{}% 36
\BOOKMARK [2][-]{subsubsection.8.0.1}{Meilensteine}{section.8}% 37
\BOOKMARK [1][-]{section*.19}{Literatur}{}% 38
